[35m[Appium][39m Welcome to Appium v1.22.3
[35m[Appium][39m Non-default server args:
[35m[Appium][39m   port: 49630
[35m[Appium][39m   loglevel: info
[35m[Appium][39m   tmpDir: C:\Users\USER\AppData\Local\Temp\\Katalon\Appium\Temp1666680219301
[35m[Appium][39m   chromedriverPort: 49631
[35m[Appium][39m Deprecated server args:
[35m[Appium][39m   [31m--chromedriver-port[39m => --default-capabilities
[35m[Appium][39m Default capabilities, which will be added to each request unless overridden by desired capabilities:
[35m[Appium][39m   chromedriverPort: 49631
[35m[Appium][39m Appium REST http interface listener started on 0.0.0.0:49630
[35m[HTTP][39m [37m-->[39m [37mGET[39m [37m/wd/hub/status[39m
[35m[HTTP][39m [90m{}[39m
[35m[HTTP][39m [37m<-- GET /wd/hub/status [39m[32m200[39m [90m5 ms - 68[39m
[35m[HTTP][39m [90m[39m
[35m[HTTP][39m [37m-->[39m [37mGET[39m [37m/wd/hub/status[39m
[35m[HTTP][39m [90m{}[39m
[35m[HTTP][39m [37m<-- GET /wd/hub/status [39m[32m200[39m [90m1 ms - 68[39m
[35m[HTTP][39m [90m[39m
[35m[HTTP][39m [37m-->[39m [37mPOST[39m [37m/wd/hub/session[39m
[35m[HTTP][39m [90m{"desiredCapabilities":{"appActivity":".Settings","appPackage":"com.android.settings","newCommandTimeout":1800,"platformVersion":"8.1.0","automationName":"uiautomator2","autoGrantPermissions":true,"platformName":"Android","udid":"emulator-5554","deviceName":"emulator-5554 (Android SDK built for x86 - Android 8.1.0)","platform":"ANDROID","systemPort":8253},"capabilities":{"firstMatch":[{"appium:appActivity":".Settings","appium:appPackage":"com.android.settings","appium:autoGrantPermissions":true,"appium:automationName":"uiautomator2","appium:deviceName":"emulator-5554 (Android SDK built for x86 - Android 8.1.0)","appium:newCommandTimeout":1800,"platform":"ANDROID","platformName":"android","appium:platformVersion":"8.1.0","appium:systemPort":8253,"appium:udid":"emulator-5554"}]}}[39m
[35m[BaseDriver][39m The following capabilities are not standard capabilities and should have an extension prefix:
[35m[BaseDriver][39m   platform
[35m[BaseDriver][39m   chromedriverPort
[35m[Appium][39m Appium v1.22.3 creating new AndroidUiautomator2Driver (v1.70.1) session
[35m[BaseDriver][39m The following capabilities were provided, but are not recognized by Appium:
[35m[BaseDriver][39m   platform
[35m[BaseDriver][39m Session created with session id: 23045f5c-95f8-4782-8739-9fb51f328e1a
[35m[UiAutomator2][39m Starting 'com.android.settings' directly on the device
[35m[ADB][39m Found 4 'build-tools' folders under 'C:\Users\USER\AppData\Local\Android\Sdk' (newest first):
[35m[ADB][39m     C:/Users/USER/AppData/Local/Android/Sdk/build-tools/32.0.0
[35m[ADB][39m     C:/Users/USER/AppData/Local/Android/Sdk/build-tools/30.0.3
[35m[ADB][39m     C:/Users/USER/AppData/Local/Android/Sdk/build-tools/30.0.2
[35m[ADB][39m     C:/Users/USER/AppData/Local/Android/Sdk/build-tools/29.0.2
[35m[ADB][39m Using 'adb.exe' from 'C:\Users\USER\AppData\Local\Android\Sdk\platform-tools\adb.exe'
[35m[AndroidDriver][39m Retrieving device list
[35m[AndroidDriver][39m Using device: emulator-5554
[35m[ADB][39m Using 'adb.exe' from 'C:\Users\USER\AppData\Local\Android\Sdk\platform-tools\adb.exe'
[35m[AndroidDriver][39m No app sent in, not parsing package/activity
[35m[ADB][39m Using 'apksigner.jar' from 'C:\Users\USER\AppData\Local\Android\Sdk\build-tools\32.0.0\lib\apksigner.jar'
[35m[ADB][39m 'C:\Users\USER\AppData\Roaming\npm\node_modules\appium\node_modules\appium-uiautomator2-server\apks\appium-uiautomator2-server-v4.27.0.apk' is signed with the default certificate
[35m[ADB][39m 'C:\Users\USER\AppData\Roaming\npm\node_modules\appium\node_modules\appium-uiautomator2-server\apks\appium-uiautomator2-server-debug-androidTest.apk' is signed with the default certificate
[35m[UiAutomator2][39m Server packages are not going to be (re)installed
[35m[ADB][39m Adding packages ["io.appium.settings","io.appium.uiautomator2.server","io.appium.uiautomator2.server.test"] to Doze whitelist
[35m[UiAutomator2][39m Starting UIAutomator2 server 4.27.0
[35m[UiAutomator2][39m Using UIAutomator2 server from 'C:\Users\USER\AppData\Roaming\npm\node_modules\appium\node_modules\appium-uiautomator2-server\apks\appium-uiautomator2-server-v4.27.0.apk' and test from 'C:\Users\USER\AppData\Roaming\npm\node_modules\appium\node_modules\appium-uiautomator2-server\apks\appium-uiautomator2-server-debug-androidTest.apk'
[35m[UiAutomator2][39m Waiting up to 30000ms for UiAutomator2 to be online...
[35m[WD Proxy][39m socket hang up
[35m[WD Proxy][39m socket hang up
[35m[WD Proxy][39m Determined the downstream protocol as 'W3C'
[35m[AndroidDriver][39m Screen already unlocked, doing nothing
[35m[UiAutomator2][39m Starting 'com.android.settings/.Settings and waiting for 'com.android.settings/.Settings'
[35m[Appium][39m New AndroidUiautomator2Driver session created successfully, session 23045f5c-95f8-4782-8739-9fb51f328e1a added to master session list
[35m[HTTP][39m [37m<-- POST /wd/hub/session [39m[32m200[39m [90m7489 ms - 1215[39m
[35m[HTTP][39m [90m[39m
[35m[HTTP][39m [37m-->[39m [37mGET[39m [37m/wd/hub/session/23045f5c-95f8-4782-8739-9fb51f328e1a[39m
[35m[HTTP][39m [90m{}[39m
[35m[HTTP][39m [37m<-- GET /wd/hub/session/23045f5c-95f8-4782-8739-9fb51f328e1a [39m[32m200[39m [90m15 ms - 1169[39m
[35m[HTTP][39m [90m[39m
[35m[HTTP][39m [37m-->[39m [37mGET[39m [37m/wd/hub/session/23045f5c-95f8-4782-8739-9fb51f328e1a[39m
[35m[HTTP][39m [90m{}[39m
[35m[HTTP][39m [37m<-- GET /wd/hub/session/23045f5c-95f8-4782-8739-9fb51f328e1a [39m[32m200[39m [90m20 ms - 1169[39m
[35m[HTTP][39m [90m[39m
[35m[HTTP][39m [37m-->[39m [37mGET[39m [37m/wd/hub/status[39m
[35m[HTTP][39m [90m{}[39m
[35m[HTTP][39m [37m<-- GET /wd/hub/status [39m[32m200[39m [90m1 ms - 68[39m
[35m[HTTP][39m [90m[39m
[35m[HTTP][39m [37m-->[39m [37mPOST[39m [37m/wd/hub/session/23045f5c-95f8-4782-8739-9fb51f328e1a/timeouts[39m
[35m[HTTP][39m [90m{"implicit":60000}[39m
[35m[HTTP][39m [37m<-- POST /wd/hub/session/23045f5c-95f8-4782-8739-9fb51f328e1a/timeouts [39m[32m200[39m [90m3 ms - 14[39m
[35m[HTTP][39m [90m[39m
[35m[HTTP][39m [37m-->[39m [37mGET[39m [37m/wd/hub/session/23045f5c-95f8-4782-8739-9fb51f328e1a/screenshot[39m
[35m[HTTP][39m [90m{}[39m
[35m[HTTP][39m [37m<-- GET /wd/hub/session/23045f5c-95f8-4782-8739-9fb51f328e1a/screenshot [39m[32m200[39m [90m587 ms - 61362[39m
[35m[HTTP][39m [90m[39m
[35m[HTTP][39m [37m-->[39m [37mGET[39m [37m/wd/hub/session/23045f5c-95f8-4782-8739-9fb51f328e1a/window/rect[39m
[35m[HTTP][39m [90m{}[39m
[35m[HTTP][39m [37m<-- GET /wd/hub/session/23045f5c-95f8-4782-8739-9fb51f328e1a/window/rect [39m[32m200[39m [90m33 ms - 50[39m
[35m[HTTP][39m [90m[39m
[35m[HTTP][39m [37m-->[39m [37mGET[39m [37m/wd/hub/session/23045f5c-95f8-4782-8739-9fb51f328e1a/appium/device/system_bars[39m
[35m[HTTP][39m [90m{}[39m
[35m[HTTP][39m [37m<-- GET /wd/hub/session/23045f5c-95f8-4782-8739-9fb51f328e1a/appium/device/system_bars [39m[32m200[39m [90m65 ms - 151[39m
[35m[HTTP][39m [90m[39m
[35m[HTTP][39m [37m-->[39m [37mPOST[39m [37m/wd/hub/session/23045f5c-95f8-4782-8739-9fb51f328e1a/appium/device/activate_app[39m
[35m[HTTP][39m [90m{"bundleId":"com.yoesuv.androidroom"}[39m
[35m[HTTP][39m [37m<-- POST /wd/hub/session/23045f5c-95f8-4782-8739-9fb51f328e1a/appium/device/activate_app [39m[32m200[39m [90m339 ms - 14[39m
[35m[HTTP][39m [90m[39m
[35m[HTTP][39m [37m-->[39m [37mGET[39m [37m/wd/hub/session/23045f5c-95f8-4782-8739-9fb51f328e1a/source[39m
[35m[HTTP][39m [90m{}[39m
[35m[W3C (23045f5c)][39m Driver proxy active, passing request on via HTTP proxy
[35m[WD Proxy][39m Replacing sessionId 54c78c0b-ad8d-43c3-81d2-36639bb4c0f3 with 23045f5c-95f8-4782-8739-9fb51f328e1a
[35m[HTTP][39m [37m<-- GET /wd/hub/session/23045f5c-95f8-4782-8739-9fb51f328e1a/source [39m[32m200[39m [90m443 ms - 6165[39m
[35m[HTTP][39m [90m[39m
[35m[HTTP][39m [37m-->[39m [37mGET[39m [37m/wd/hub/session/23045f5c-95f8-4782-8739-9fb51f328e1a/screenshot[39m
[35m[HTTP][39m [90m{}[39m
[35m[HTTP][39m [37m<-- GET /wd/hub/session/23045f5c-95f8-4782-8739-9fb51f328e1a/screenshot [39m[32m200[39m [90m347 ms - 106770[39m
[35m[HTTP][39m [90m[39m
[35m[HTTP][39m [37m-->[39m [37mPOST[39m [37m/wd/hub/session/23045f5c-95f8-4782-8739-9fb51f328e1a/elements[39m
[35m[HTTP][39m [90m{"using":"xpath","value":"//*[@class = 'android.widget.ImageButton' and @resource-id = 'com.yoesuv.androidroom:id/fabMain' and (@text = '' or . = '')]"}[39m
[35m[HTTP][39m [37m<-- POST /wd/hub/session/23045f5c-95f8-4782-8739-9fb51f328e1a/elements [39m[32m200[39m [90m410 ms - 139[39m
[35m[HTTP][39m [90m[39m
[35m[HTTP][39m [37m-->[39m [37mGET[39m [37m/wd/hub/session/23045f5c-95f8-4782-8739-9fb51f328e1a/window/rect[39m
[35m[HTTP][39m [90m{}[39m
[35m[HTTP][39m [37m<-- GET /wd/hub/session/23045f5c-95f8-4782-8739-9fb51f328e1a/window/rect [39m[32m200[39m [90m9 ms - 50[39m
[35m[HTTP][39m [90m[39m
[35m[HTTP][39m [37m-->[39m [37mPOST[39m [37m/wd/hub/session/23045f5c-95f8-4782-8739-9fb51f328e1a/elements[39m
[35m[HTTP][39m [90m{"using":"xpath","value":"//*[@class = 'android.widget.ImageButton' and @resource-id = 'com.yoesuv.androidroom:id/fabMain' and (@text = '' or . = '')]"}[39m
[35m[HTTP][39m [37m<-- POST /wd/hub/session/23045f5c-95f8-4782-8739-9fb51f328e1a/elements [39m[32m200[39m [90m58 ms - 139[39m
[35m[HTTP][39m [90m[39m
[35m[HTTP][39m [37m-->[39m [37mGET[39m [37m/wd/hub/session/23045f5c-95f8-4782-8739-9fb51f328e1a/element/00000000-0000-0361-ffff-ffff00000009/location[39m
[35m[HTTP][39m [90m{}[39m
[35m[W3C (23045f5c)][39m Driver proxy active, passing request on via HTTP proxy
[35m[WD Proxy][39m Replacing sessionId 54c78c0b-ad8d-43c3-81d2-36639bb4c0f3 with 23045f5c-95f8-4782-8739-9fb51f328e1a
[35m[HTTP][39m [37m<-- GET /wd/hub/session/23045f5c-95f8-4782-8739-9fb51f328e1a/element/00000000-0000-0361-ffff-ffff00000009/location [39m[32m200[39m [90m15 ms - 80[39m
[35m[HTTP][39m [90m[39m
[35m[HTTP][39m [37m-->[39m [37mPOST[39m [37m/wd/hub/session/23045f5c-95f8-4782-8739-9fb51f328e1a/element/00000000-0000-0361-ffff-ffff00000009/click[39m
[35m[HTTP][39m [90m{"id":"00000000-0000-0361-ffff-ffff00000009"}[39m
[35m[HTTP][39m [37m<-- POST /wd/hub/session/23045f5c-95f8-4782-8739-9fb51f328e1a/element/00000000-0000-0361-ffff-ffff00000009/click [39m[32m200[39m [90m25 ms - 14[39m
[35m[HTTP][39m [90m[39m
[35m[HTTP][39m [37m-->[39m [37mGET[39m [37m/wd/hub/session/23045f5c-95f8-4782-8739-9fb51f328e1a/source[39m
[35m[HTTP][39m [90m{}[39m
[35m[W3C (23045f5c)][39m Driver proxy active, passing request on via HTTP proxy
[35m[WD Proxy][39m Replacing sessionId 54c78c0b-ad8d-43c3-81d2-36639bb4c0f3 with 23045f5c-95f8-4782-8739-9fb51f328e1a
[35m[HTTP][39m [37m<-- GET /wd/hub/session/23045f5c-95f8-4782-8739-9fb51f328e1a/source [39m[32m200[39m [90m1333 ms - 7744[39m
[35m[HTTP][39m [90m[39m
[35m[HTTP][39m [37m-->[39m [37mGET[39m [37m/wd/hub/session/23045f5c-95f8-4782-8739-9fb51f328e1a/screenshot[39m
[35m[HTTP][39m [90m{}[39m
[35m[HTTP][39m [37m<-- GET /wd/hub/session/23045f5c-95f8-4782-8739-9fb51f328e1a/screenshot [39m[32m200[39m [90m405 ms - 224160[39m
[35m[HTTP][39m [90m[39m
[35m[HTTP][39m [37m-->[39m [37mPOST[39m [37m/wd/hub/session/23045f5c-95f8-4782-8739-9fb51f328e1a/elements[39m
[35m[HTTP][39m [90m{"using":"xpath","value":"//*[@class = 'android.widget.EditText' and (@text = 'Task Title' or . = 'Task Title') and @resource-id = 'com.yoesuv.androidroom:id/editTextTaskTitle']"}[39m
[35m[HTTP][39m [37m<-- POST /wd/hub/session/23045f5c-95f8-4782-8739-9fb51f328e1a/elements [39m[32m200[39m [90m85 ms - 139[39m
[35m[HTTP][39m [90m[39m
[35m[HTTP][39m [37m-->[39m [37mGET[39m [37m/wd/hub/session/23045f5c-95f8-4782-8739-9fb51f328e1a/window/rect[39m
[35m[HTTP][39m [90m{}[39m
[35m[HTTP][39m [37m<-- GET /wd/hub/session/23045f5c-95f8-4782-8739-9fb51f328e1a/window/rect [39m[32m200[39m [90m11 ms - 50[39m
[35m[HTTP][39m [90m[39m
[35m[HTTP][39m [37m-->[39m [37mPOST[39m [37m/wd/hub/session/23045f5c-95f8-4782-8739-9fb51f328e1a/elements[39m
[35m[HTTP][39m [90m{"using":"xpath","value":"//*[@class = 'android.widget.EditText' and (@text = 'Task Title' or . = 'Task Title') and @resource-id = 'com.yoesuv.androidroom:id/editTextTaskTitle']"}[39m
[35m[HTTP][39m [37m<-- POST /wd/hub/session/23045f5c-95f8-4782-8739-9fb51f328e1a/elements [39m[32m200[39m [90m76 ms - 139[39m
[35m[HTTP][39m [90m[39m
[35m[HTTP][39m [37m-->[39m [37mGET[39m [37m/wd/hub/session/23045f5c-95f8-4782-8739-9fb51f328e1a/element/00000000-0000-0369-ffff-ffff0000003e/location[39m
[35m[HTTP][39m [90m{}[39m
[35m[W3C (23045f5c)][39m Driver proxy active, passing request on via HTTP proxy
[35m[WD Proxy][39m Replacing sessionId 54c78c0b-ad8d-43c3-81d2-36639bb4c0f3 with 23045f5c-95f8-4782-8739-9fb51f328e1a
[35m[HTTP][39m [37m<-- GET /wd/hub/session/23045f5c-95f8-4782-8739-9fb51f328e1a/element/00000000-0000-0369-ffff-ffff0000003e/location [39m[32m200[39m [90m20 ms - 78[39m
[35m[HTTP][39m [90m[39m
[35m[HTTP][39m [37m-->[39m [37mPOST[39m [37m/wd/hub/session/23045f5c-95f8-4782-8739-9fb51f328e1a/element/00000000-0000-0369-ffff-ffff0000003e/value[39m
[35m[HTTP][39m [90m{"id":"00000000-0000-0369-ffff-ffff0000003e","text":"Test Negative","value":["T","e","s","t"," ","N","e","g","a","t","i","v","e"]}[39m
[35m[HTTP][39m [37m<-- POST /wd/hub/session/23045f5c-95f8-4782-8739-9fb51f328e1a/element/00000000-0000-0369-ffff-ffff0000003e/value [39m[32m200[39m [90m651 ms - 14[39m
[35m[HTTP][39m [90m[39m
[35m[HTTP][39m [37m-->[39m [37mGET[39m [37m/wd/hub/session/23045f5c-95f8-4782-8739-9fb51f328e1a/source[39m
[35m[HTTP][39m [90m{}[39m
[35m[W3C (23045f5c)][39m Driver proxy active, passing request on via HTTP proxy
[35m[WD Proxy][39m Replacing sessionId 54c78c0b-ad8d-43c3-81d2-36639bb4c0f3 with 23045f5c-95f8-4782-8739-9fb51f328e1a
[35m[HTTP][39m [37m<-- GET /wd/hub/session/23045f5c-95f8-4782-8739-9fb51f328e1a/source [39m[32m200[39m [90m343 ms - 7747[39m
[35m[HTTP][39m [90m[39m
[35m[HTTP][39m [37m-->[39m [37mGET[39m [37m/wd/hub/session/23045f5c-95f8-4782-8739-9fb51f328e1a/screenshot[39m
[35m[HTTP][39m [90m{}[39m
[35m[HTTP][39m [37m<-- GET /wd/hub/session/23045f5c-95f8-4782-8739-9fb51f328e1a/screenshot [39m[32m200[39m [90m372 ms - 233816[39m
[35m[HTTP][39m [90m[39m
[35m[HTTP][39m [37m-->[39m [37mPOST[39m [37m/wd/hub/session/23045f5c-95f8-4782-8739-9fb51f328e1a/elements[39m
[35m[HTTP][39m [90m{"using":"xpath","value":"//*[@class = 'android.widget.Button' and (@text = 'SAVE' or . = 'SAVE') and @resource-id = 'com.yoesuv.androidroom:id/buttonApply']"}[39m
[35m[HTTP][39m [37m<-- POST /wd/hub/session/23045f5c-95f8-4782-8739-9fb51f328e1a/elements [39m[32m200[39m [90m62 ms - 139[39m
[35m[HTTP][39m [90m[39m
[35m[HTTP][39m [37m-->[39m [37mGET[39m [37m/wd/hub/session/23045f5c-95f8-4782-8739-9fb51f328e1a/window/rect[39m
[35m[HTTP][39m [90m{}[39m
[35m[HTTP][39m [37m<-- GET /wd/hub/session/23045f5c-95f8-4782-8739-9fb51f328e1a/window/rect [39m[32m200[39m [90m13 ms - 50[39m
[35m[HTTP][39m [90m[39m
[35m[HTTP][39m [37m-->[39m [37mPOST[39m [37m/wd/hub/session/23045f5c-95f8-4782-8739-9fb51f328e1a/elements[39m
[35m[HTTP][39m [90m{"using":"xpath","value":"//*[@class = 'android.widget.Button' and (@text = 'SAVE' or . = 'SAVE') and @resource-id = 'com.yoesuv.androidroom:id/buttonApply']"}[39m
[35m[HTTP][39m [37m<-- POST /wd/hub/session/23045f5c-95f8-4782-8739-9fb51f328e1a/elements [39m[32m200[39m [90m68 ms - 139[39m
[35m[HTTP][39m [90m[39m
[35m[HTTP][39m [37m-->[39m [37mGET[39m [37m/wd/hub/session/23045f5c-95f8-4782-8739-9fb51f328e1a/element/00000000-0000-0369-ffff-ffff0000004c/location[39m
[35m[HTTP][39m [90m{}[39m
[35m[W3C (23045f5c)][39m Driver proxy active, passing request on via HTTP proxy
[35m[WD Proxy][39m Replacing sessionId 54c78c0b-ad8d-43c3-81d2-36639bb4c0f3 with 23045f5c-95f8-4782-8739-9fb51f328e1a
[35m[HTTP][39m [37m<-- GET /wd/hub/session/23045f5c-95f8-4782-8739-9fb51f328e1a/element/00000000-0000-0369-ffff-ffff0000004c/location [39m[32m200[39m [90m13 ms - 79[39m
[35m[HTTP][39m [90m[39m
[35m[HTTP][39m [37m-->[39m [37mPOST[39m [37m/wd/hub/session/23045f5c-95f8-4782-8739-9fb51f328e1a/element/00000000-0000-0369-ffff-ffff0000004c/click[39m
[35m[HTTP][39m [90m{"id":"00000000-0000-0369-ffff-ffff0000004c"}[39m
[35m[HTTP][39m [37m<-- POST /wd/hub/session/23045f5c-95f8-4782-8739-9fb51f328e1a/element/00000000-0000-0369-ffff-ffff0000004c/click [39m[32m200[39m [90m29 ms - 14[39m
[35m[HTTP][39m [90m[39m
[35m[HTTP][39m [37m-->[39m [37mGET[39m [37m/wd/hub/session/23045f5c-95f8-4782-8739-9fb51f328e1a/source[39m
[35m[HTTP][39m [90m{}[39m
[35m[W3C (23045f5c)][39m Driver proxy active, passing request on via HTTP proxy
[35m[WD Proxy][39m Replacing sessionId 54c78c0b-ad8d-43c3-81d2-36639bb4c0f3 with 23045f5c-95f8-4782-8739-9fb51f328e1a
[35m[HTTP][39m [37m<-- GET /wd/hub/session/23045f5c-95f8-4782-8739-9fb51f328e1a/source [39m[32m200[39m [90m803 ms - 10047[39m
[35m[HTTP][39m [90m[39m
[35m[HTTP][39m [37m-->[39m [37mGET[39m [37m/wd/hub/session/23045f5c-95f8-4782-8739-9fb51f328e1a/screenshot[39m
[35m[HTTP][39m [90m{}[39m
[35m[HTTP][39m [37m<-- GET /wd/hub/session/23045f5c-95f8-4782-8739-9fb51f328e1a/screenshot [39m[32m200[39m [90m393 ms - 243762[39m
[35m[HTTP][39m [90m[39m
[35m[HTTP][39m [37m-->[39m [37mPOST[39m [37m/wd/hub/session/23045f5c-95f8-4782-8739-9fb51f328e1a/elements[39m
[35m[HTTP][39m [90m{"using":"xpath","value":"//*[@class = 'android.widget.TextView' and (@text = 'Content is Empty' or . = 'Content is Empty') and @resource-id = 'com.yoesuv.androidroom:id/textinput_error']"}[39m
[35m[HTTP][39m [37m<-- POST /wd/hub/session/23045f5c-95f8-4782-8739-9fb51f328e1a/elements [39m[32m200[39m [90m75 ms - 139[39m
[35m[HTTP][39m [90m[39m
[35m[HTTP][39m [37m-->[39m [37mPOST[39m [37m/wd/hub/session/23045f5c-95f8-4782-8739-9fb51f328e1a/elements[39m
[35m[HTTP][39m [90m{"using":"xpath","value":"//*[@class = 'android.widget.TextView' and (@text = 'Content is Empty' or . = 'Content is Empty') and @resource-id = 'com.yoesuv.androidroom:id/textinput_error']"}[39m
[35m[HTTP][39m [37m<-- POST /wd/hub/session/23045f5c-95f8-4782-8739-9fb51f328e1a/elements [39m[32m200[39m [90m69 ms - 139[39m
[35m[HTTP][39m [90m[39m
[35m[HTTP][39m [37m-->[39m [37mGET[39m [37m/wd/hub/session/23045f5c-95f8-4782-8739-9fb51f328e1a/source[39m
[35m[HTTP][39m [90m{}[39m
[35m[W3C (23045f5c)][39m Driver proxy active, passing request on via HTTP proxy
[35m[WD Proxy][39m Replacing sessionId 54c78c0b-ad8d-43c3-81d2-36639bb4c0f3 with 23045f5c-95f8-4782-8739-9fb51f328e1a
[35m[HTTP][39m [37m<-- GET /wd/hub/session/23045f5c-95f8-4782-8739-9fb51f328e1a/source [39m[32m200[39m [90m71 ms - 10047[39m
[35m[HTTP][39m [90m[39m
[35m[HTTP][39m [37m-->[39m [37mGET[39m [37m/wd/hub/session/23045f5c-95f8-4782-8739-9fb51f328e1a/screenshot[39m
[35m[HTTP][39m [90m{}[39m
[35m[HTTP][39m [37m<-- GET /wd/hub/session/23045f5c-95f8-4782-8739-9fb51f328e1a/screenshot [39m[32m200[39m [90m405 ms - 243762[39m
[35m[HTTP][39m [90m[39m
[35m[HTTP][39m [37m-->[39m [37mPOST[39m [37m/wd/hub/session/23045f5c-95f8-4782-8739-9fb51f328e1a/elements[39m
[35m[HTTP][39m [90m{"using":"xpath","value":"//*[@class = 'android.widget.Button' and (@text = 'CANCEL' or . = 'CANCEL') and @resource-id = 'com.yoesuv.androidroom:id/buttonCancel']"}[39m
[35m[HTTP][39m [37m<-- POST /wd/hub/session/23045f5c-95f8-4782-8739-9fb51f328e1a/elements [39m[32m200[39m [90m94 ms - 139[39m
[35m[HTTP][39m [90m[39m
[35m[HTTP][39m [37m-->[39m [37mGET[39m [37m/wd/hub/session/23045f5c-95f8-4782-8739-9fb51f328e1a/window/rect[39m
[35m[HTTP][39m [90m{}[39m
[35m[HTTP][39m [37m<-- GET /wd/hub/session/23045f5c-95f8-4782-8739-9fb51f328e1a/window/rect [39m[32m200[39m [90m10 ms - 50[39m
[35m[HTTP][39m [90m[39m
[35m[HTTP][39m [37m-->[39m [37mPOST[39m [37m/wd/hub/session/23045f5c-95f8-4782-8739-9fb51f328e1a/elements[39m
[35m[HTTP][39m [90m{"using":"xpath","value":"//*[@class = 'android.widget.Button' and (@text = 'CANCEL' or . = 'CANCEL') and @resource-id = 'com.yoesuv.androidroom:id/buttonCancel']"}[39m
[35m[HTTP][39m [37m<-- POST /wd/hub/session/23045f5c-95f8-4782-8739-9fb51f328e1a/elements [39m[32m200[39m [90m47 ms - 139[39m
[35m[HTTP][39m [90m[39m
[35m[HTTP][39m [37m-->[39m [37mGET[39m [37m/wd/hub/session/23045f5c-95f8-4782-8739-9fb51f328e1a/element/00000000-0000-0369-ffff-ffff0000004b/location[39m
[35m[HTTP][39m [90m{}[39m
[35m[W3C (23045f5c)][39m Driver proxy active, passing request on via HTTP proxy
[35m[WD Proxy][39m Replacing sessionId 54c78c0b-ad8d-43c3-81d2-36639bb4c0f3 with 23045f5c-95f8-4782-8739-9fb51f328e1a
[35m[HTTP][39m [37m<-- GET /wd/hub/session/23045f5c-95f8-4782-8739-9fb51f328e1a/element/00000000-0000-0369-ffff-ffff0000004b/location [39m[32m200[39m [90m11 ms - 79[39m
[35m[HTTP][39m [90m[39m
[35m[HTTP][39m [37m-->[39m [37mPOST[39m [37m/wd/hub/session/23045f5c-95f8-4782-8739-9fb51f328e1a/element/00000000-0000-0369-ffff-ffff0000004b/click[39m
[35m[HTTP][39m [90m{"id":"00000000-0000-0369-ffff-ffff0000004b"}[39m
[35m[HTTP][39m [37m<-- POST /wd/hub/session/23045f5c-95f8-4782-8739-9fb51f328e1a/element/00000000-0000-0369-ffff-ffff0000004b/click [39m[32m200[39m [90m24 ms - 14[39m
[35m[HTTP][39m [90m[39m
[35m[HTTP][39m [37m-->[39m [37mGET[39m [37m/wd/hub/session/23045f5c-95f8-4782-8739-9fb51f328e1a/source[39m
[35m[HTTP][39m [90m{}[39m
[35m[W3C (23045f5c)][39m Driver proxy active, passing request on via HTTP proxy
[35m[WD Proxy][39m Replacing sessionId 54c78c0b-ad8d-43c3-81d2-36639bb4c0f3 with 23045f5c-95f8-4782-8739-9fb51f328e1a
[35m[HTTP][39m [37m<-- GET /wd/hub/session/23045f5c-95f8-4782-8739-9fb51f328e1a/source [39m[32m200[39m [90m176 ms - 6165[39m
[35m[HTTP][39m [90m[39m
[35m[HTTP][39m [37m-->[39m [37mGET[39m [37m/wd/hub/session/23045f5c-95f8-4782-8739-9fb51f328e1a/screenshot[39m
[35m[HTTP][39m [90m{}[39m
[35m[HTTP][39m [37m<-- GET /wd/hub/session/23045f5c-95f8-4782-8739-9fb51f328e1a/screenshot [39m[32m200[39m [90m342 ms - 105218[39m
[35m[HTTP][39m [90m[39m
[35m[HTTP][39m [37m-->[39m [37mDELETE[39m [37m/wd/hub/session/23045f5c-95f8-4782-8739-9fb51f328e1a[39m
[35m[HTTP][39m [90m{}[39m
[35m[Appium][39m Removing session 23045f5c-95f8-4782-8739-9fb51f328e1a from our master session list
[35m[HTTP][39m [37m<-- DELETE /wd/hub/session/23045f5c-95f8-4782-8739-9fb51f328e1a [39m[32m200[39m [90m124 ms - 14[39m
[35m[HTTP][39m [90m[39m
